<?xml version="1.0" encoding="UTF-8"?>
<testng-results ignored="0" total="1" passed="1" failed="0" skipped="0">
  <reporter-output>
  </reporter-output>
  <suite started-at="2025-05-11T22:06:30 CEST" name="Surefire suite" finished-at="2025-05-11T22:06:38 CEST" duration-ms="8057">
    <groups>
    </groups>
    <test started-at="2025-05-11T22:06:30 CEST" name="Surefire test" finished-at="2025-05-11T22:06:38 CEST" duration-ms="8057">
      <class name="tests.SmokeTest">
        <test-method is-config="true" signature="setup()[pri:0, instance:tests.SmokeTest@1dd92fe2]" started-at="2025-05-11T22:06:30 CEST" name="setup" finished-at="2025-05-11T22:06:35 CEST" duration-ms="4914" status="PASS">
          <reporter-output>
          </reporter-output>
        </test-method> <!-- setup -->
        <test-method signature="testValidLogin()[pri:0, instance:tests.SmokeTest@1dd92fe2]" started-at="2025-05-11T22:06:35 CEST" name="testValidLogin" finished-at="2025-05-11T22:06:38 CEST" duration-ms="2619" status="PASS">
          <reporter-output>
          </reporter-output>
        </test-method> <!-- testValidLogin -->
        <test-method is-config="true" signature="teardown()[pri:0, instance:tests.SmokeTest@1dd92fe2]" started-at="2025-05-11T22:06:38 CEST" name="teardown" finished-at="2025-05-11T22:06:38 CEST" duration-ms="491" status="PASS">
          <reporter-output>
          </reporter-output>
        </test-method> <!-- teardown -->
      </class> <!-- tests.SmokeTest -->
    </test> <!-- Surefire test -->
  </suite> <!-- Surefire suite -->
</testng-results>
